<?xml version="1.0" encoding="UTF-8"?>
<!-- Generated by org.testng.reporters.JUnitXMLReporter -->
<testsuite ignored="22" hostname="DESKTOP-T6L47BI" failures="3" tests="39" name="Test(failed)" time="922.474" errors="0" timestamp="2024-10-02T13:59:33 IST">
  <testcase classname="functions_testing.A_testClass_dailyCheckPointList" name="createNormalCheckList" time="25.744"/>
  <testcase classname="functions_testing.A_testClass_dailyCheckPointList" name="sendmessageToinfoEventUsers" time="14.583">
    <failure type="org.openqa.selenium.NoSuchElementException" message="no such element: Unable to locate element: {&amp;quot;method&amp;quot;:&amp;quot;xpath&amp;quot;,&amp;quot;selector&amp;quot;:&amp;quot;(//a[text()=&amp;quot;Chat&amp;quot;])[1]&amp;quot;}
  (Session info: chrome=129.0.6668.71)
For documentation on this error, please visit: https://www.selenium.dev/documentation/webdriver/troubleshooting/errors#no-such-element-exception
Build info: version: &amp;apos;4.17.0&amp;apos;, revision: &amp;apos;e52b1be057*&amp;apos;
System info: os.name: &amp;apos;Windows 11&amp;apos;, os.arch: &amp;apos;amd64&amp;apos;, os.version: &amp;apos;10.0&amp;apos;, java.version: &amp;apos;17.0.9&amp;apos;
Driver info: org.openqa.selenium.chrome.ChromeDriver
Command: [13747260f75f53eb34e61fcfc9ce18f4, findElement {using=xpath, value=(//a[text()=&amp;quot;Chat&amp;quot;])[1]}]
Capabilities {acceptInsecureCerts: false, browserName: chrome, browserVersion: 129.0.6668.71, chrome: {chromedriverVersion: 129.0.6668.89 (951c0b97221f..., userDataDir: C:\Users\BHUPESH\AppData\Lo...}, fedcm:accounts: true, goog:chromeOptions: {debuggerAddress: localhost:58642}, networkConnectionEnabled: false, pageLoadStrategy: normal, platformName: windows, proxy: Proxy(), se:cdp: ws://localhost:58642/devtoo..., se:cdpVersion: 129.0.6668.71, setWindowRect: true, strictFileInteractability: false, timeouts: {implicit: 0, pageLoad: 300000, script: 30000}, unhandledPromptBehavior: dismiss and notify, webauthn:extension:credBlob: true, webauthn:extension:largeBlob: true, webauthn:extension:minPinLength: true, webauthn:extension:prf: true, webauthn:virtualAuthenticators: true}
Session ID: 13747260f75f53eb34e61fcfc9ce18f4">
      <![CDATA[org.openqa.selenium.NoSuchElementException: no such element: Unable to locate element: {"method":"xpath","selector":"(//a[text()="Chat"])[1]"}
  (Session info: chrome=129.0.6668.71)
For documentation on this error, please visit: https://www.selenium.dev/documentation/webdriver/troubleshooting/errors#no-such-element-exception
Build info: version: '4.17.0', revision: 'e52b1be057*'
System info: os.name: 'Windows 11', os.arch: 'amd64', os.version: '10.0', java.version: '17.0.9'
Driver info: org.openqa.selenium.chrome.ChromeDriver
Command: [13747260f75f53eb34e61fcfc9ce18f4, findElement {using=xpath, value=(//a[text()="Chat"])[1]}]
Capabilities {acceptInsecureCerts: false, browserName: chrome, browserVersion: 129.0.6668.71, chrome: {chromedriverVersion: 129.0.6668.89 (951c0b97221f..., userDataDir: C:\Users\BHUPESH\AppData\Lo...}, fedcm:accounts: true, goog:chromeOptions: {debuggerAddress: localhost:58642}, networkConnectionEnabled: false, pageLoadStrategy: normal, platformName: windows, proxy: Proxy(), se:cdp: ws://localhost:58642/devtoo..., se:cdpVersion: 129.0.6668.71, setWindowRect: true, strictFileInteractability: false, timeouts: {implicit: 0, pageLoad: 300000, script: 30000}, unhandledPromptBehavior: dismiss and notify, webauthn:extension:credBlob: true, webauthn:extension:largeBlob: true, webauthn:extension:minPinLength: true, webauthn:extension:prf: true, webauthn:virtualAuthenticators: true}
Session ID: 13747260f75f53eb34e61fcfc9ce18f4
at org.openqa.selenium.remote.codec.w3c.W3CHttpResponseCodec.createException(W3CHttpResponseCodec.java:185)
at org.openqa.selenium.remote.codec.w3c.W3CHttpResponseCodec.decode(W3CHttpResponseCodec.java:134)
at org.openqa.selenium.remote.codec.w3c.W3CHttpResponseCodec.decode(W3CHttpResponseCodec.java:51)
at org.openqa.selenium.remote.HttpCommandExecutor.execute(HttpCommandExecutor.java:190)
at org.openqa.selenium.remote.service.DriverCommandExecutor.invokeExecute(DriverCommandExecutor.java:216)
at org.openqa.selenium.remote.service.DriverCommandExecutor.execute(DriverCommandExecutor.java:174)
at org.openqa.selenium.remote.RemoteWebDriver.execute(RemoteWebDriver.java:519)
at org.openqa.selenium.remote.ElementLocation$ElementFinder$2.findElement(ElementLocation.java:165)
at org.openqa.selenium.remote.ElementLocation.findElement(ElementLocation.java:59)
at org.openqa.selenium.remote.RemoteWebDriver.findElement(RemoteWebDriver.java:356)
at org.openqa.selenium.remote.RemoteWebDriver.findElement(RemoteWebDriver.java:350)
at org.openqa.selenium.support.pagefactory.DefaultElementLocator.findElement(DefaultElementLocator.java:68)
at org.openqa.selenium.support.pagefactory.internal.LocatingElementHandler.invoke(LocatingElementHandler.java:38)
at jdk.proxy2/jdk.proxy2.$Proxy14.click(Unknown Source)
at functions_testing.G_InfoEvent.sendmessageToInfoEventUsers(G_InfoEvent.java:391)
at functions_testing.A_testClass_dailyCheckPointList.sendmessageToinfoEventUsers(A_testClass_dailyCheckPointList.java:964)
at java.base/java.util.ArrayList.forEach(ArrayList.java:1511)
... Removed 32 stack frames]]>
    </failure>
  </testcase> <!-- sendmessageToinfoEventUsers -->
  <testcase classname="functions_testing.A_testClass_dailyCheckPointList" name="testAlarmByRecursiveMonthlyDayWise" time="30.548"/>
  <testcase classname="functions_testing.A_testClass_dailyCheckPointList" name="createTestAlarmByAttributeRecursivedaily" time="29.962"/>
  <testcase classname="functions_testing.A_testClass_dailyCheckPointList" name="sendmessageToTestAlarmUsers" time="14.095">
    <failure type="org.openqa.selenium.NoSuchElementException" message="no such element: Unable to locate element: {&amp;quot;method&amp;quot;:&amp;quot;xpath&amp;quot;,&amp;quot;selector&amp;quot;:&amp;quot;//input[@placeholder=&amp;quot;Write your message...&amp;quot;]&amp;quot;}
  (Session info: chrome=129.0.6668.71)
For documentation on this error, please visit: https://www.selenium.dev/documentation/webdriver/troubleshooting/errors#no-such-element-exception
Build info: version: &amp;apos;4.17.0&amp;apos;, revision: &amp;apos;e52b1be057*&amp;apos;
System info: os.name: &amp;apos;Windows 11&amp;apos;, os.arch: &amp;apos;amd64&amp;apos;, os.version: &amp;apos;10.0&amp;apos;, java.version: &amp;apos;17.0.9&amp;apos;
Driver info: org.openqa.selenium.chrome.ChromeDriver
Command: [13747260f75f53eb34e61fcfc9ce18f4, findElement {using=xpath, value=//input[@placeholder=&amp;quot;Write your message...&amp;quot;]}]
Capabilities {acceptInsecureCerts: false, browserName: chrome, browserVersion: 129.0.6668.71, chrome: {chromedriverVersion: 129.0.6668.89 (951c0b97221f..., userDataDir: C:\Users\BHUPESH\AppData\Lo...}, fedcm:accounts: true, goog:chromeOptions: {debuggerAddress: localhost:58642}, networkConnectionEnabled: false, pageLoadStrategy: normal, platformName: windows, proxy: Proxy(), se:cdp: ws://localhost:58642/devtoo..., se:cdpVersion: 129.0.6668.71, setWindowRect: true, strictFileInteractability: false, timeouts: {implicit: 0, pageLoad: 300000, script: 30000}, unhandledPromptBehavior: dismiss and notify, webauthn:extension:credBlob: true, webauthn:extension:largeBlob: true, webauthn:extension:minPinLength: true, webauthn:extension:prf: true, webauthn:virtualAuthenticators: true}
Session ID: 13747260f75f53eb34e61fcfc9ce18f4">
      <![CDATA[org.openqa.selenium.NoSuchElementException: no such element: Unable to locate element: {"method":"xpath","selector":"//input[@placeholder="Write your message..."]"}
  (Session info: chrome=129.0.6668.71)
For documentation on this error, please visit: https://www.selenium.dev/documentation/webdriver/troubleshooting/errors#no-such-element-exception
Build info: version: '4.17.0', revision: 'e52b1be057*'
System info: os.name: 'Windows 11', os.arch: 'amd64', os.version: '10.0', java.version: '17.0.9'
Driver info: org.openqa.selenium.chrome.ChromeDriver
Command: [13747260f75f53eb34e61fcfc9ce18f4, findElement {using=xpath, value=//input[@placeholder="Write your message..."]}]
Capabilities {acceptInsecureCerts: false, browserName: chrome, browserVersion: 129.0.6668.71, chrome: {chromedriverVersion: 129.0.6668.89 (951c0b97221f..., userDataDir: C:\Users\BHUPESH\AppData\Lo...}, fedcm:accounts: true, goog:chromeOptions: {debuggerAddress: localhost:58642}, networkConnectionEnabled: false, pageLoadStrategy: normal, platformName: windows, proxy: Proxy(), se:cdp: ws://localhost:58642/devtoo..., se:cdpVersion: 129.0.6668.71, setWindowRect: true, strictFileInteractability: false, timeouts: {implicit: 0, pageLoad: 300000, script: 30000}, unhandledPromptBehavior: dismiss and notify, webauthn:extension:credBlob: true, webauthn:extension:largeBlob: true, webauthn:extension:minPinLength: true, webauthn:extension:prf: true, webauthn:virtualAuthenticators: true}
Session ID: 13747260f75f53eb34e61fcfc9ce18f4
at org.openqa.selenium.remote.codec.w3c.W3CHttpResponseCodec.createException(W3CHttpResponseCodec.java:185)
at org.openqa.selenium.remote.codec.w3c.W3CHttpResponseCodec.decode(W3CHttpResponseCodec.java:134)
at org.openqa.selenium.remote.codec.w3c.W3CHttpResponseCodec.decode(W3CHttpResponseCodec.java:51)
at org.openqa.selenium.remote.HttpCommandExecutor.execute(HttpCommandExecutor.java:190)
at org.openqa.selenium.remote.service.DriverCommandExecutor.invokeExecute(DriverCommandExecutor.java:216)
at org.openqa.selenium.remote.service.DriverCommandExecutor.execute(DriverCommandExecutor.java:174)
at org.openqa.selenium.remote.RemoteWebDriver.execute(RemoteWebDriver.java:519)
at org.openqa.selenium.remote.ElementLocation$ElementFinder$2.findElement(ElementLocation.java:165)
at org.openqa.selenium.remote.ElementLocation.findElement(ElementLocation.java:59)
at org.openqa.selenium.remote.RemoteWebDriver.findElement(RemoteWebDriver.java:356)
at org.openqa.selenium.remote.RemoteWebDriver.findElement(RemoteWebDriver.java:350)
at org.openqa.selenium.support.pagefactory.DefaultElementLocator.findElement(DefaultElementLocator.java:68)
at org.openqa.selenium.support.pagefactory.internal.LocatingElementHandler.invoke(LocatingElementHandler.java:38)
at jdk.proxy2/jdk.proxy2.$Proxy14.click(Unknown Source)
at functions_testing.H_testAlarm.semdmessageToTestAlarmUsers(H_testAlarm.java:621)
at functions_testing.A_testClass_dailyCheckPointList.sendmessageToTestAlarmUsers(A_testClass_dailyCheckPointList.java:1093)
at java.base/java.util.ArrayList.forEach(ArrayList.java:1511)
... Removed 32 stack frames]]>
    </failure>
  </testcase> <!-- sendmessageToTestAlarmUsers -->
  <testcase classname="functions_testing.A_testClass_dailyCheckPointList" name="createInfoEventByResource" time="22.775"/>
  <testcase classname="functions_testing.A_testClass_dailyCheckPointList" name="cretecalendarEventFirefighterSchedule" time="23.537"/>
  <testcase classname="functions_testing.A_testClass_dailyCheckPointList" name="createAlamTemplate" time="22.93"/>
  <testcase classname="functions_testing.A_testClass_dailyCheckPointList" name="createPermissionGroupDefaultStation" time="35.785"/>
  <testcase classname="functions_testing.A_testClass_dailyCheckPointList" name="createAvailabilityRequestSendImmediat" time="27.061"/>
  <testcase classname="functions_testing.A_testClass_dailyCheckPointList" name="createTestAlarmByAttributeOneTime" time="32.387"/>
  <testcase classname="functions_testing.A_testClass_dailyCheckPointList" name="sendmessageToAlarmUser" time="8.224"/>
  <testcase classname="functions_testing.A_testClass_dailyCheckPointList" name="createChatGrouForStation06Users" time="20.153"/>
  <testcase classname="functions_testing.A_testClass_dailyCheckPointList" name="createInfoEventByFirefighter" time="24.349"/>
  <testcase classname="functions_testing.A_testClass_dailyCheckPointList" name="createInfoEventByAttribute" time="18.187"/>
  <testcase classname="functions_testing.A_testClass_dailyCheckPointList" name="createResource" time="11.212"/>
  <testcase classname="functions_testing.A_testClass_dailyCheckPointList" name="createInformationByFirefighter" time="17.827"/>
  <testcase classname="functions_testing.A_testClass_dailyCheckPointList" name="createMonitorInformation01" time="17.764"/>
  <testcase classname="functions_testing.A_testClass_dailyCheckPointList" name="sendmessageToinfoUsers" time="9.099"/>
  <testcase classname="functions_testing.A_testClass_dailyCheckPointList" name="createAvailabilityRequestSendSchedule" time="19.818"/>
  <testcase classname="functions_testing.A_testClass_dailyCheckPointList" name="createTestAlarmByAttributeRecursiveWeekly" time="33.097"/>
  <testcase classname="functions_testing.A_testClass_dailyCheckPointList" name="createInformationByResource" time="17.745"/>
  <testcase classname="functions_testing.A_testClass_dailyCheckPointList" name="detailsAboutScript" time="3.023"/>
  <testcase classname="functions_testing.A_testClass_dailyCheckPointList" name="createAvailabilityRequestSendMultipleDays" time="19.26"/>
  <testcase classname="functions_testing.A_testClass_dailyCheckPointList" name="createInformationByAttribute" time="17.914"/>
  <testcase classname="functions_testing.A_testClass_dailyCheckPointList" name="createInfoEventByResourceSchedule" time="22.369"/>
  <testcase classname="functions_testing.A_testClass_dailyCheckPointList" name="createAvailabilityRequestSendRecursive" time="18.736"/>
  <testcase classname="functions_testing.A_testClass_dailyCheckPointList" name="SendmessagetoARUsers" time="12.209"/>
  <testcase classname="functions_testing.A_testClass_dailyCheckPointList" name="createTestAlarmByAttributeRecursiveMontlyDateWise" time="29.966"/>
  <testcase classname="functions_testing.A_testClass_dailyCheckPointList" name="CreateAttributeForDepartment" time="14.309"/>
  <testcase classname="functions_testing.A_testClass_dailyCheckPointList" name="cretecalendarEventResourceSchedule" time="23.397"/>
  <testcase classname="functions_testing.A_testClass_dailyCheckPointList" name="sendMessageChatGrouForStation06Users" time="17.054">
    <failure type="org.openqa.selenium.NoSuchElementException" message="no such element: Unable to locate element: {&amp;quot;method&amp;quot;:&amp;quot;xpath&amp;quot;,&amp;quot;selector&amp;quot;:&amp;quot;(//a[@class=&amp;quot;actionShowGroup&amp;quot;])[1]&amp;quot;}
  (Session info: chrome=129.0.6668.71)
For documentation on this error, please visit: https://www.selenium.dev/documentation/webdriver/troubleshooting/errors#no-such-element-exception
Build info: version: &amp;apos;4.17.0&amp;apos;, revision: &amp;apos;e52b1be057*&amp;apos;
System info: os.name: &amp;apos;Windows 11&amp;apos;, os.arch: &amp;apos;amd64&amp;apos;, os.version: &amp;apos;10.0&amp;apos;, java.version: &amp;apos;17.0.9&amp;apos;
Driver info: org.openqa.selenium.chrome.ChromeDriver
Command: [13747260f75f53eb34e61fcfc9ce18f4, findElement {using=xpath, value=(//a[@class=&amp;quot;actionShowGroup&amp;quot;])[1]}]
Capabilities {acceptInsecureCerts: false, browserName: chrome, browserVersion: 129.0.6668.71, chrome: {chromedriverVersion: 129.0.6668.89 (951c0b97221f..., userDataDir: C:\Users\BHUPESH\AppData\Lo...}, fedcm:accounts: true, goog:chromeOptions: {debuggerAddress: localhost:58642}, networkConnectionEnabled: false, pageLoadStrategy: normal, platformName: windows, proxy: Proxy(), se:cdp: ws://localhost:58642/devtoo..., se:cdpVersion: 129.0.6668.71, setWindowRect: true, strictFileInteractability: false, timeouts: {implicit: 0, pageLoad: 300000, script: 30000}, unhandledPromptBehavior: dismiss and notify, webauthn:extension:credBlob: true, webauthn:extension:largeBlob: true, webauthn:extension:minPinLength: true, webauthn:extension:prf: true, webauthn:virtualAuthenticators: true}
Session ID: 13747260f75f53eb34e61fcfc9ce18f4">
      <![CDATA[org.openqa.selenium.NoSuchElementException: no such element: Unable to locate element: {"method":"xpath","selector":"(//a[@class="actionShowGroup"])[1]"}
  (Session info: chrome=129.0.6668.71)
For documentation on this error, please visit: https://www.selenium.dev/documentation/webdriver/troubleshooting/errors#no-such-element-exception
Build info: version: '4.17.0', revision: 'e52b1be057*'
System info: os.name: 'Windows 11', os.arch: 'amd64', os.version: '10.0', java.version: '17.0.9'
Driver info: org.openqa.selenium.chrome.ChromeDriver
Command: [13747260f75f53eb34e61fcfc9ce18f4, findElement {using=xpath, value=(//a[@class="actionShowGroup"])[1]}]
Capabilities {acceptInsecureCerts: false, browserName: chrome, browserVersion: 129.0.6668.71, chrome: {chromedriverVersion: 129.0.6668.89 (951c0b97221f..., userDataDir: C:\Users\BHUPESH\AppData\Lo...}, fedcm:accounts: true, goog:chromeOptions: {debuggerAddress: localhost:58642}, networkConnectionEnabled: false, pageLoadStrategy: normal, platformName: windows, proxy: Proxy(), se:cdp: ws://localhost:58642/devtoo..., se:cdpVersion: 129.0.6668.71, setWindowRect: true, strictFileInteractability: false, timeouts: {implicit: 0, pageLoad: 300000, script: 30000}, unhandledPromptBehavior: dismiss and notify, webauthn:extension:credBlob: true, webauthn:extension:largeBlob: true, webauthn:extension:minPinLength: true, webauthn:extension:prf: true, webauthn:virtualAuthenticators: true}
Session ID: 13747260f75f53eb34e61fcfc9ce18f4
at org.openqa.selenium.remote.codec.w3c.W3CHttpResponseCodec.createException(W3CHttpResponseCodec.java:185)
at org.openqa.selenium.remote.codec.w3c.W3CHttpResponseCodec.decode(W3CHttpResponseCodec.java:134)
at org.openqa.selenium.remote.codec.w3c.W3CHttpResponseCodec.decode(W3CHttpResponseCodec.java:51)
at org.openqa.selenium.remote.HttpCommandExecutor.execute(HttpCommandExecutor.java:190)
at org.openqa.selenium.remote.service.DriverCommandExecutor.invokeExecute(DriverCommandExecutor.java:216)
at org.openqa.selenium.remote.service.DriverCommandExecutor.execute(DriverCommandExecutor.java:174)
at org.openqa.selenium.remote.RemoteWebDriver.execute(RemoteWebDriver.java:519)
at org.openqa.selenium.remote.ElementLocation$ElementFinder$2.findElement(ElementLocation.java:165)
at org.openqa.selenium.remote.ElementLocation.findElement(ElementLocation.java:59)
at org.openqa.selenium.remote.RemoteWebDriver.findElement(RemoteWebDriver.java:356)
at org.openqa.selenium.remote.RemoteWebDriver.findElement(RemoteWebDriver.java:350)
at org.openqa.selenium.support.pagefactory.DefaultElementLocator.findElement(DefaultElementLocator.java:68)
at org.openqa.selenium.support.pagefactory.internal.LocatingElementHandler.invoke(LocatingElementHandler.java:38)
at jdk.proxy2/jdk.proxy2.$Proxy14.click(Unknown Source)
at functions_testing.m_ChatGroup.sendMessageToGtoup(m_ChatGroup.java:127)
at functions_testing.A_testClass_dailyCheckPointList.sendMessageChatGrouForStation06Users(A_testClass_dailyCheckPointList.java:394)
at java.base/java.util.ArrayList.forEach(ArrayList.java:1511)
... Removed 32 stack frames]]>
    </failure>
  </testcase> <!-- sendMessageChatGrouForStation06Users -->
  <testcase classname="functions_testing.A_testClass_dailyCheckPointList" name="createInfoEventByAttributeSchedule" time="20.762"/>
  <testcase classname="functions_testing.A_testClass_dailyCheckPointList" name="createInfoEventByFighterSchedule" time="25.927"/>
  <testcase classname="functions_testing.A_testClass_dailyCheckPointList" name="cretecalendarEventAttributeSchedule" time="22.497"/>
  <testcase classname="functions_testing.A_testClass_dailyCheckPointList" name="createMonitorInformation02" time="19.112"/>
  <testcase classname="functions_testing.A_testClass_dailyCheckPointList" name="addEventCategory" time="19.554"/>
  <testcase classname="functions_testing.A_testClass_dailyCheckPointList" name="createAlarmCheckList" time="24.831"/>
  <testcase classname="functions_testing.A_testClass_dailyCheckPointList" name="createAlamLoop" time="10.061"/>
  <testcase classname="functions_testing.A_testClass_dailyCheckPointList" name="createLowPriorityManualAlarmByAttribute" time="0.0">
    <ignored/>
  </testcase> <!-- createLowPriorityManualAlarmByAttribute -->
  <testcase classname="functions_testing.A_testClass_dailyCheckPointList" name="createManualAlarmByEscalationResource" time="0.0">
    <ignored/>
  </testcase> <!-- createManualAlarmByEscalationResource -->
  <testcase classname="functions_testing.A_testClass_dailyCheckPointList" name="addVehicleUser" time="0.0">
    <ignored/>
  </testcase> <!-- addVehicleUser -->
  <testcase classname="functions_testing.A_testClass_dailyCheckPointList" name="addFirefighterForNewStation" time="0.0">
    <ignored/>
  </testcase> <!-- addFirefighterForNewStation -->
  <testcase classname="functions_testing.A_testClass_dailyCheckPointList" name="extendAlarmToSecondStation" time="0.0">
    <ignored/>
  </testcase> <!-- extendAlarmToSecondStation -->
  <testcase classname="functions_testing.A_testClass_dailyCheckPointList" name="createManualAlarmByResource" time="0.0">
    <ignored/>
  </testcase> <!-- createManualAlarmByResource -->
  <testcase classname="functions_testing.A_testClass_dailyCheckPointList" name="time" time="0.0">
    <ignored/>
  </testcase> <!-- time -->
  <testcase classname="functions_testing.A_testClass_dailyCheckPointList" name="addNewStationUserForNewStation" time="0.0">
    <ignored/>
  </testcase> <!-- addNewStationUserForNewStation -->
  <testcase classname="functions_testing.A_testClass_dailyCheckPointList" name="userDetails" time="0.0">
    <ignored/>
  </testcase> <!-- userDetails -->
  <testcase classname="functions_testing.A_testClass_dailyCheckPointList" name="addVehicleUserForNewStation" time="0.0">
    <ignored/>
  </testcase> <!-- addVehicleUserForNewStation -->
  <testcase classname="functions_testing.A_testClass_dailyCheckPointList" name="addResourceForNewStation" time="0.0">
    <ignored/>
  </testcase> <!-- addResourceForNewStation -->
  <testcase classname="functions_testing.A_testClass_dailyCheckPointList" name="createManualAlarmByNewAttributeForNewStation" time="0.0">
    <ignored/>
  </testcase> <!-- createManualAlarmByNewAttributeForNewStation -->
  <testcase classname="functions_testing.A_testClass_dailyCheckPointList" name="createManualAlarmByAttribute" time="0.0">
    <ignored/>
  </testcase> <!-- createManualAlarmByAttribute -->
  <testcase classname="functions_testing.A_testClass_dailyCheckPointList" name="createManualAlarmByNewFireighterForNewStation" time="0.0">
    <ignored/>
  </testcase> <!-- createManualAlarmByNewFireighterForNewStation -->
  <testcase classname="functions_testing.A_testClass_dailyCheckPointList" name="createChatGrouForNewStation" time="0.0">
    <ignored/>
  </testcase> <!-- createChatGrouForNewStation -->
  <testcase classname="functions_testing.A_testClass_dailyCheckPointList" name="addFireStation" time="0.0">
    <ignored/>
  </testcase> <!-- addFireStation -->
  <testcase classname="functions_testing.A_testClass_dailyCheckPointList" name="createNewStationMonitorUser" time="0.0">
    <ignored/>
  </testcase> <!-- createNewStationMonitorUser -->
  <testcase classname="functions_testing.A_testClass_dailyCheckPointList" name="createManualAlarmByNewResourceForNewStation" time="0.0">
    <ignored/>
  </testcase> <!-- createManualAlarmByNewResourceForNewStation -->
  <testcase classname="functions_testing.A_testClass_dailyCheckPointList" name="createStormAlarm" time="0.0">
    <ignored/>
  </testcase> <!-- createStormAlarm -->
  <testcase classname="functions_testing.A_testClass_dailyCheckPointList" name="logInNewMonitorUser" time="0.0">
    <ignored/>
  </testcase> <!-- logInNewMonitorUser -->
  <testcase classname="functions_testing.A_testClass_dailyCheckPointList" name="createManualAlarmByFireFighte" time="0.0">
    <ignored/>
  </testcase> <!-- createManualAlarmByFireFighte -->
  <testcase classname="functions_testing.A_testClass_dailyCheckPointList" name="sendMessageChatGrouForNewStation" time="0.0">
    <ignored/>
  </testcase> <!-- sendMessageChatGrouForNewStation -->
</testsuite> <!-- Test(failed) -->
