<?xml version="1.0" encoding="UTF-8"?>
<!-- Generated by org.testng.reporters.JUnitReportReporter -->
<testsuite hostname="DESKTOP-T6L47BI" failures="0" tests="7" name="functions_live.A_testClass_dailyCheckPointList" time="162.665" errors="1" timestamp="2024-07-11T18:34:10 IST" skipped="0">
  <testcase classname="functions_live.A_testClass_dailyCheckPointList" name="createTestAlarmByAttributeRecursivedaily" time="33.110">
    <system-out>
      <![CDATA[ 
The process of creating a test alarm by attribute with remindar recursive > daily is started.
test alarm created for >11.07.2024-15:07
The process of creating a test alarm by attribute with remindar recursive > daily is complete.
 ]]>
    </system-out>
  </testcase> <!-- createTestAlarmByAttributeRecursivedaily -->
  <testcase classname="functions_live.A_testClass_dailyCheckPointList" name="detailsAboutScript" time="6.380">
    <system-out>
      <![CDATA[ 
Login  date-11.07.2024 & login  time -15:01
Logout date-11-07-2024 & logout time -15:04
 ]]>
    </system-out>
  </testcase> <!-- detailsAboutScript -->
  <testcase classname="functions_live.A_testClass_dailyCheckPointList" name="testAlarmByRecursiveMonthlyDayWise" time="33.641">
    <system-out>
      <![CDATA[ 
The process of creating a test alarm by attribute with remindar recirsive > monthly > day wise is started.
test alarm created for >11.07.2024-15:10
The process of creating a test alarm by attribute with remindar recirsive > monthly > day wise is complete.
 ]]>
    </system-out>
  </testcase> <!-- testAlarmByRecursiveMonthlyDayWise -->
  <testcase classname="functions_live.A_testClass_dailyCheckPointList" name="createTestAlarmByAttributeRecursiveMontlyDateWise" time="33.948">
    <system-out>
      <![CDATA[ 
The process of creating a test alarm by attribute with remindar recursive > monthly > date wise is started.
test alarm created for >11.07.2024-15:12
The process of creating a test alarm by attribute with remindar recursive > monthly > date wise is complete.
 ]]>
    </system-out>
  </testcase> <!-- createTestAlarmByAttributeRecursiveMontlyDateWise -->
  <testcase classname="functions_live.A_testClass_dailyCheckPointList" name="createTestAlarmByAttributeRecursiveWeekly" time="19.134">
    <error message="javascript error: {&quot;status&quot;:11,&quot;value&quot;:&quot;Element is not currently visible and may not be manipulated&quot;}
  (Session info: chrome=126.0.6478.127)
Build info: version: &#039;4.17.0&#039;, revision: &#039;e52b1be057*&#039;
System info: os.name: &#039;Windows 11&#039;, os.arch: &#039;amd64&#039;, os.version: &#039;10.0&#039;, java.version: &#039;17.0.9&#039;
Driver info: org.openqa.selenium.chrome.ChromeDriver
Command: [c5802ace8561ede9528f03ce4805007a, clickElement {id=f.F9731645022D9EE44D25A4615482A6F2.d.5E538D5200EF19D2232299C1DAFA3306.e.40803}]
Capabilities {acceptInsecureCerts: false, browserName: chrome, browserVersion: 126.0.6478.127, chrome: {chromedriverVersion: 126.0.6478.126 (d36ace6122e..., userDataDir: C:\Users\BHUPESH\AppData\Lo...}, fedcm:accounts: true, goog:chromeOptions: {debuggerAddress: localhost:58545}, networkConnectionEnabled: false, pageLoadStrategy: normal, platformName: windows, proxy: Proxy(), se:cdp: ws://localhost:58545/devtoo..., se:cdpVersion: 126.0.6478.127, setWindowRect: true, strictFileInteractability: false, timeouts: {implicit: 0, pageLoad: 300000, script: 30000}, unhandledPromptBehavior: dismiss and notify, webauthn:extension:credBlob: true, webauthn:extension:largeBlob: true, webauthn:extension:minPinLength: true, webauthn:extension:prf: true, webauthn:virtualAuthenticators: true}
Element: [[[[ChromeDriver: chrome on windows (c5802ace8561ede9528f03ce4805007a)] -&gt; xpath: //select[@id=&quot;TestAlarmReminderType&quot;]]] -&gt; xpath: .//option[normalize-space(.) = &quot;Recursive&quot;]]
Session ID: c5802ace8561ede9528f03ce4805007a" type="org.openqa.selenium.JavascriptException">
      <![CDATA[org.openqa.selenium.JavascriptException: javascript error: {"status":11,"value":"Element is not currently visible and may not be manipulated"}
  (Session info: chrome=126.0.6478.127)
Build info: version: '4.17.0', revision: 'e52b1be057*'
System info: os.name: 'Windows 11', os.arch: 'amd64', os.version: '10.0', java.version: '17.0.9'
Driver info: org.openqa.selenium.chrome.ChromeDriver
Command: [c5802ace8561ede9528f03ce4805007a, clickElement {id=f.F9731645022D9EE44D25A4615482A6F2.d.5E538D5200EF19D2232299C1DAFA3306.e.40803}]
Capabilities {acceptInsecureCerts: false, browserName: chrome, browserVersion: 126.0.6478.127, chrome: {chromedriverVersion: 126.0.6478.126 (d36ace6122e..., userDataDir: C:\Users\BHUPESH\AppData\Lo...}, fedcm:accounts: true, goog:chromeOptions: {debuggerAddress: localhost:58545}, networkConnectionEnabled: false, pageLoadStrategy: normal, platformName: windows, proxy: Proxy(), se:cdp: ws://localhost:58545/devtoo..., se:cdpVersion: 126.0.6478.127, setWindowRect: true, strictFileInteractability: false, timeouts: {implicit: 0, pageLoad: 300000, script: 30000}, unhandledPromptBehavior: dismiss and notify, webauthn:extension:credBlob: true, webauthn:extension:largeBlob: true, webauthn:extension:minPinLength: true, webauthn:extension:prf: true, webauthn:virtualAuthenticators: true}
Element: [[[[ChromeDriver: chrome on windows (c5802ace8561ede9528f03ce4805007a)] -> xpath: //select[@id="TestAlarmReminderType"]]] -> xpath: .//option[normalize-space(.) = "Recursive"]]
Session ID: c5802ace8561ede9528f03ce4805007a
at java.base/jdk.internal.reflect.NativeConstructorAccessorImpl.newInstance0(Native Method)
at java.base/jdk.internal.reflect.NativeConstructorAccessorImpl.newInstance(NativeConstructorAccessorImpl.java:77)
at java.base/jdk.internal.reflect.DelegatingConstructorAccessorImpl.newInstance(DelegatingConstructorAccessorImpl.java:45)
at java.base/java.lang.reflect.Constructor.newInstanceWithCaller(Constructor.java:499)
at java.base/java.lang.reflect.Constructor.newInstance(Constructor.java:480)
at org.openqa.selenium.remote.codec.w3c.W3CHttpResponseCodec.createException(W3CHttpResponseCodec.java:185)
at org.openqa.selenium.remote.codec.w3c.W3CHttpResponseCodec.decode(W3CHttpResponseCodec.java:134)
at org.openqa.selenium.remote.codec.w3c.W3CHttpResponseCodec.decode(W3CHttpResponseCodec.java:51)
at org.openqa.selenium.remote.HttpCommandExecutor.execute(HttpCommandExecutor.java:190)
at org.openqa.selenium.remote.service.DriverCommandExecutor.invokeExecute(DriverCommandExecutor.java:216)
at org.openqa.selenium.remote.service.DriverCommandExecutor.execute(DriverCommandExecutor.java:174)
at org.openqa.selenium.remote.RemoteWebDriver.execute(RemoteWebDriver.java:519)
at org.openqa.selenium.remote.RemoteWebElement.execute(RemoteWebElement.java:223)
at org.openqa.selenium.remote.RemoteWebElement.click(RemoteWebElement.java:76)
at org.openqa.selenium.support.ui.Select.setSelected(Select.java:315)
at org.openqa.selenium.support.ui.Select.selectByVisibleText(Select.java:119)
at functions_live.H_testAlarm.testAlarmByRecursiveWeekly(H_testAlarm.java:388)
at functions_live.A_testClass_dailyCheckPointList.createTestAlarmByAttributeRecursiveWeekly(A_testClass_dailyCheckPointList.java:676)
at java.base/jdk.internal.reflect.NativeMethodAccessorImpl.invoke0(Native Method)
at java.base/jdk.internal.reflect.NativeMethodAccessorImpl.invoke(NativeMethodAccessorImpl.java:77)
at java.base/jdk.internal.reflect.DelegatingMethodAccessorImpl.invoke(DelegatingMethodAccessorImpl.java:43)
at java.base/java.lang.reflect.Method.invoke(Method.java:568)
at org.testng.internal.invokers.MethodInvocationHelper.invokeMethod(MethodInvocationHelper.java:139)
at org.testng.internal.invokers.TestInvoker.invokeMethod(TestInvoker.java:664)
at org.testng.internal.invokers.TestInvoker.invokeTestMethod(TestInvoker.java:228)
at org.testng.internal.invokers.MethodRunner.runInSequence(MethodRunner.java:63)
at org.testng.internal.invokers.TestInvoker$MethodInvocationAgent.invoke(TestInvoker.java:961)
at org.testng.internal.invokers.TestInvoker.invokeTestMethods(TestInvoker.java:201)
at org.testng.internal.invokers.TestMethodWorker.invokeTestMethods(TestMethodWorker.java:148)
at org.testng.internal.invokers.TestMethodWorker.run(TestMethodWorker.java:128)
at java.base/java.util.ArrayList.forEach(ArrayList.java:1511)
at org.testng.TestRunner.privateRun(TestRunner.java:819)
at org.testng.TestRunner.run(TestRunner.java:619)
at org.testng.SuiteRunner.runTest(SuiteRunner.java:443)
at org.testng.SuiteRunner.runSequentially(SuiteRunner.java:437)
at org.testng.SuiteRunner.privateRun(SuiteRunner.java:397)
at org.testng.SuiteRunner.run(SuiteRunner.java:336)
at org.testng.SuiteRunnerWorker.runSuite(SuiteRunnerWorker.java:52)
at org.testng.SuiteRunnerWorker.run(SuiteRunnerWorker.java:95)
at org.testng.TestNG.runSuitesSequentially(TestNG.java:1301)
at org.testng.TestNG.runSuitesLocally(TestNG.java:1228)
at org.testng.TestNG.runSuites(TestNG.java:1134)
at org.testng.TestNG.run(TestNG.java:1101)
at org.testng.remote.AbstractRemoteTestNG.run(AbstractRemoteTestNG.java:115)
at org.testng.remote.RemoteTestNG.initAndRun(RemoteTestNG.java:251)
at org.testng.remote.RemoteTestNG.main(RemoteTestNG.java:77)
]]>
    </error>
    <system-out>
      <![CDATA[ 
The process of creating a test alarm by attribute with remindar recursive > weekly is started.]]>
    </system-out>
  </testcase> <!-- createTestAlarmByAttributeRecursiveWeekly -->
  <testcase classname="functions_live.A_testClass_dailyCheckPointList" name="userDetails" time="3.266">
    <system-out>
      <![CDATA[ 
live department user # 6039-DE-andrew-deptu-2 # log in sucessfully
 ]]>
    </system-out>
  </testcase> <!-- userDetails -->
  <testcase classname="functions_live.A_testClass_dailyCheckPointList" name="createTestAlarmByAttributeOneTime" time="33.186">
    <system-out>
      <![CDATA[ 
The process of creating a test alarm by attribute with remindar one time is started.
test alarm created for >11.07.2024-15:04
The process of creating a test alarm by attribute with remindar one time is complete.
 ]]>
    </system-out>
  </testcase> <!-- createTestAlarmByAttributeOneTime -->
  <system-out>
    <![CDATA[Hello, Daily check point checking process has started.-11.07.2024>15:01
 
Todays is 2 Thursday of this month.
 
 
live department user # 6039-DE-andrew-deptu-2 # log in sucessfully
 
 
The process of creating a test alarm by attribute with remindar one time is started.
test alarm created for >11.07.2024-15:04
The process of creating a test alarm by attribute with remindar one time is complete.
 
 
The process of creating a test alarm by attribute with remindar recursive > daily is started.
test alarm created for >11.07.2024-15:07
The process of creating a test alarm by attribute with remindar recursive > daily is complete.
 
 
The process of creating a test alarm by attribute with remindar recursive > weekly is started.
 
The process of creating a test alarm by attribute with remindar recirsive > monthly > day wise is started.
test alarm created for >11.07.2024-15:10
The process of creating a test alarm by attribute with remindar recirsive > monthly > day wise is complete.
 
 
The process of creating a test alarm by attribute with remindar recursive > monthly > date wise is started.
test alarm created for >11.07.2024-15:12
The process of creating a test alarm by attribute with remindar recursive > monthly > date wise is complete.
 
 
Login  date-11.07.2024 & login  time -15:01
Logout date-11-07-2024 & logout time -15:04
 
Logout sucessfully.
 
Browser close sucessfully.
 ]]>
  </system-out>
</testsuite> <!-- functions_live.A_testClass_dailyCheckPointList -->
